{
  "RSpec": {
    "coverage": {
      "/home/donanobispacem/ovpd_projects/itdc_accounts/app/models/account.rb": [
        1,
        1,
        1,
        null,
        1,
        1,
        null,
        null,
        1,
        1,
        null,
        1,
        null,
        1,
        10,
        null,
        null,
        1,
        1,
        null,
        null
      ],
      "/home/donanobispacem/ovpd_projects/itdc_accounts/spec/models/account_transaction_spec.rb": [
        1,
        null,
        1,
        1,
        1,
        1,
        1,
        null,
        null,
        1,
        2,
        null,
        null,
        null,
        null,
        2,
        null,
        null,
        null,
        null,
        1,
        2,
        2,
        null,
        null,
        null,
        1,
        1,
        1,
        1,
        1,
        null,
        1,
        null,
        null,
        1,
        null,
        1,
        6,
        6,
        6,
        6,
        null,
        null,
        1,
        1,
        1,
        1,
        null,
        null,
        1,
        1,
        1,
        null,
        null,
        1,
        1,
        1,
        null,
        null,
        null,
        1,
        1,
        1,
        1,
        null,
        null,
        1,
        1,
        1,
        null,
        null,
        1,
        1,
        1,
        null,
        null,
        null,
        null
      ],
      "/home/donanobispacem/ovpd_projects/itdc_accounts/app/models/account_transaction.rb": [
        1,
        1,
        1,
        null,
        1,
        1,
        null,
        null,
        null,
        1,
        null,
        1,
        null,
        7,
        null,
        null,
        7,
        4,
        null,
        3,
        null,
        null,
        null,
        null,
        7,
        7,
        7,
        null,
        null,
        1,
        1,
        null,
        null
      ],
      "/home/donanobispacem/ovpd_projects/itdc_accounts/spec/models/account_type_spec.rb": [
        1,
        null,
        1,
        1,
        1,
        null,
        null,
        1,
        2,
        2,
        null,
        null
      ],
      "/home/donanobispacem/ovpd_projects/itdc_accounts/app/models/account_type.rb": [
        1,
        1,
        null
      ],
      "/home/donanobispacem/ovpd_projects/itdc_accounts/spec/models/announcement_spec.rb": [
        1,
        null,
        1,
        1,
        1,
        null,
        null,
        1,
        2,
        2,
        2,
        null,
        null
      ],
      "/home/donanobispacem/ovpd_projects/itdc_accounts/app/models/announcement.rb": [
        1,
        1,
        1,
        1,
        null
      ],
      "/home/donanobispacem/ovpd_projects/itdc_accounts/spec/models/transaction_type_spec.rb": [
        1,
        null,
        1,
        1,
        1,
        null,
        null,
        1,
        2,
        2,
        null,
        null
      ],
      "/home/donanobispacem/ovpd_projects/itdc_accounts/app/models/transaction_type.rb": [
        1,
        1,
        null
      ],
      "/home/donanobispacem/ovpd_projects/itdc_accounts/spec/models/user_spec.rb": [
        1,
        null,
        1,
        1,
        1,
        null,
        null,
        1,
        2,
        2,
        null,
        null
      ]
    },
    "timestamp": 1479958935
  }
}
